2026-01-22 13:23:12,673 WARN  [io.qu.config] (Quarkus Main Thread) The "quarkus.log.file.enable" config property is deprecated and should not be used anymore.
2026-01-22 13:23:12,673 WARN  [io.qu.config] (Quarkus Main Thread) The "quarkus.log.console.enable" config property is deprecated and should not be used anymore.
2026-01-22 13:23:13,725 INFO  [io.qu.oi.ru.de.ui.OidcDevUiRecorder] (Quarkus Main Thread) OIDC Dev Console: discovering the provider metadata at http://localhost:9000/realms/distributed-transactions/.well-known/openid-configuration
2026-01-22 13:23:13,815 INFO  [io.quarkus] (Quarkus Main Thread) identity-provider 1.0.0-SNAPSHOT on JVM (powered by Quarkus 3.30.5) started in 4.738s. Listening on: http://localhost:8084
2026-01-22 13:23:13,816 INFO  [io.quarkus] (Quarkus Main Thread) Profile dev activated. Live Coding activated.
2026-01-22 13:23:13,817 INFO  [io.quarkus] (Quarkus Main Thread) Installed features: [cdi, compose, hibernate-validator, oidc, rest, rest-client, rest-client-jackson, rest-jackson, security, smallrye-context-propagation, vertx]
2026-01-22 13:26:32,393 INFO  [or.ft.se.im.AuthServiceImpl] (executor-thread-1) pera123 login success
2026-01-22 13:26:40,130 INFO  [or.ft.se.im.AuthServiceImpl] (executor-thread-1) coordinator login success
2026-01-22 13:32:57,198 INFO  [or.ft.se.im.AuthServiceImpl] (executor-thread-1) pera123 login success
2026-01-22 13:33:05,888 INFO  [or.ft.se.im.AuthServiceImpl] (executor-thread-1) coordinator login success
2026-01-22 13:34:07,121 INFO  [or.ft.se.im.AuthServiceImpl] (executor-thread-1) coordinator login success
2026-01-22 13:36:56,691 INFO  [or.ft.se.im.AuthServiceImpl] (executor-thread-1) pera123 login success
2026-01-22 13:37:02,583 INFO  [or.ft.se.im.AuthServiceImpl] (executor-thread-1) coordinator login success
2026-01-22 13:41:02,101 INFO  [or.ft.se.im.AuthServiceImpl] (executor-thread-1) pera123 login success
2026-01-22 13:41:08,344 INFO  [or.ft.se.im.AuthServiceImpl] (executor-thread-1) coordinator login success
2026-01-22 13:56:17,735 INFO  [or.ft.se.im.AuthServiceImpl] (executor-thread-1) pera123 login success
2026-01-22 13:56:31,791 INFO  [or.ft.se.im.AuthServiceImpl] (executor-thread-1) coordinator login success
2026-01-22 14:00:54,660 INFO  [or.ft.se.im.AuthServiceImpl] (executor-thread-1) pera123 login success
2026-01-22 14:00:59,161 INFO  [or.ft.se.im.AuthServiceImpl] (executor-thread-1) coordinator login success
2026-01-22 14:02:42,767 INFO  [or.ft.se.im.AuthServiceImpl] (executor-thread-1) pera123 login success
2026-01-22 14:02:48,520 INFO  [or.ft.se.im.AuthServiceImpl] (executor-thread-1) coordinator login success
2026-01-22 14:04:42,731 INFO  [or.ft.se.im.AuthServiceImpl] (executor-thread-1) veljko123 login success
2026-01-22 14:10:11,682 INFO  [or.ft.se.im.AuthServiceImpl] (executor-thread-1) veljko123 login success
2026-01-22 14:10:21,873 INFO  [or.ft.se.im.AuthServiceImpl] (executor-thread-1) coordinator login success
2026-01-22 14:12:05,530 INFO  [or.ft.se.im.AuthServiceImpl] (executor-thread-1) veljko123 login success
2026-01-22 14:12:10,269 INFO  [or.ft.se.im.AuthServiceImpl] (executor-thread-1) coordinator login success
2026-01-22 14:13:05,899 INFO  [or.ft.se.im.AuthServiceImpl] (executor-thread-1) coordinator login success
2026-01-22 14:13:59,316 INFO  [or.ft.se.im.AuthServiceImpl] (executor-thread-1) pera123 login success
2026-01-22 14:16:29,319 INFO  [or.ft.se.im.AuthServiceImpl] (executor-thread-1) veljko123 login success
2026-01-22 14:16:42,961 INFO  [or.ft.se.im.AuthServiceImpl] (executor-thread-1) coordinator login success
2026-01-22 14:17:03,126 WARNING [or.ae.re.te.im.AbstractWindowsTerminal] (Shutdown thread) Failed to write out.
2026-01-22 14:17:03,120 INFO  [io.quarkus] (Shutdown thread) identity-provider stopped in 0.095s
